<?xml version="1.0" encoding="UTF-8"?>
<!-- Generated by org.testng.reporters.JUnitReportReporter -->
<testsuite hostname="JoKeR-ПК" name="hello.controller.TestStudentMapper" tests="3" failures="0" timestamp="28 Dec 2016 11:09:18 GMT" time="0.224" errors="0">
  <testcase name="testAddStudent" time="0.167" classname="hello.controller.TestStudentMapper"/>
  <testcase name="testDeleteStudent" time="0.055" classname="hello.controller.TestStudentMapper"/>
  <testcase name="testStudentsList" time="0.002" classname="hello.controller.TestStudentMapper"/>
</testsuite> <!-- hello.controller.TestStudentMapper -->
